Tue, 04 Sep 12 13:27:50 +0200	Florian Buchner: Erster Test.
Tue, 04 Sep 12 14:38:35 +0200	Papa: Probelauf...
Tue, 04 Sep 12 14:41:26 +0200	Papa 2: Übrigens brauchen wir noch eine E-Mailadresse mit
"info@dif-webtv.de" für den normalen Posteingang.
Sat, 08 Sep 12 15:25:26 +0200	x: x
Sun, 09 Sep 12 17:26:38 +0200	papa: papa AGB ausbesserung...
Wed, 12 Sep 12 13:14:35 +0200	papa: xx
Thu, 13 Sep 12 08:41:17 +0200	Florian Buchner: Logo auf mbuchner einstellen.
Thu, 13 Sep 12 12:31:54 +0200	papa: Korrektur...
Sat, 15 Sep 12 10:37:28 +0200	papa: impressum trachtenpirat
Sat, 15 Sep 12 12:38:13 +0200	papa: impressum ...
Mon, 17 Sep 12 08:02:18 +0200	papa: Rechtschreibfehler...überarbeiten
Tue, 18 Sep 12 10:48:14 +0200	papa: AGB - Paawort gerade nicht zur Hand..
Fri, 21 Sep 12 18:22:13 +0200	papa: AGB Änderungen
Fri, 21 Sep 12 18:30:59 +0200	papa: AGB Änderungen
Tue, 25 Sep 12 17:47:05 +0200	papa: AGB ausbessern
Tue, 25 Sep 12 17:50:12 +0200	papa: AGB ausbessern
Thu, 27 Sep 12 08:29:55 +0200	Florian Buchner: Einstellen der Tabelle
Thu, 27 Sep 12 13:54:04 +0200	Florian Buchner: Sender auf mbuchner anpassen
Tue, 01 Jan 13 09:12:04 +0100	Florian Buchner: Galerien für Sakia updaten
Mon, 29 Jul 13 10:29:20 +0200	Florian: Passwörter zurücksetzen
Thu, 19 Sep 13 10:41:46 +0200	m.buchner: datenabgleich
Thu, 19 Sep 13 10:43:07 +0200	m.buchner: seitenabgleich
Thu, 19 Sep 13 10:56:34 +0200	m.buchner: seitenabgleich
Thu, 19 Sep 13 10:59:20 +0200	m.buchner: seitenabgleich
Thu, 19 Sep 13 11:06:09 +0200	m.buchner: seitenabgleich
Thu, 19 Sep 13 11:08:50 +0200	m.buchner: 8
Thu, 19 Sep 13 11:11:01 +0200	m.buchner: 9
Thu, 19 Sep 13 11:14:08 +0200	m.buchner: 10
Thu, 19 Sep 13 11:16:02 +0200	m.buchner: 11
Thu, 19 Sep 13 11:23:42 +0200	m.buchner: 12
Thu, 19 Sep 13 11:24:21 +0200	m.buchner: 13
Thu, 19 Sep 13 11:24:53 +0200	m.buchner: 14
Thu, 19 Sep 13 11:25:34 +0200	m.buchner: 15
Thu, 19 Sep 13 11:26:26 +0200	m.buchner: 16
Thu, 19 Sep 13 11:27:17 +0200	m.buchner: 17
Thu, 19 Sep 13 11:28:05 +0200	m.buchner: 18
Sat, 12 Oct 13 09:38:36 +0200	m.buchner: x
Sat, 12 Oct 13 10:58:13 +0200	m.buchner: x
Sat, 02 Nov 13 10:58:50 +0100	m.buchner: xxx
Sun, 03 Nov 13 12:25:20 +0100	m.buchner: xxx
Sun, 03 Nov 13 18:54:32 +0100	m.buchner: xxx
Mon, 04 Nov 13 09:32:07 +0100	m.buchner: xxx
Mon, 04 Nov 13 15:14:09 +0100	m.buchner: xxx
Fri, 08 Nov 13 14:02:04 +0100	m.buchner: xxx
Sat, 09 Nov 13 15:40:37 +0100	m.buchner: xxx
Sun, 10 Nov 13 10:53:42 +0100	m.buchner: xxx
Sun, 10 Nov 13 18:41:37 +0100	m.buchner: xxx
Mon, 11 Nov 13 09:43:15 +0100	m.buchner: xxx
Mon, 11 Nov 13 12:48:29 +0100	m.buchner: xx
Tue, 12 Nov 13 17:18:07 +0100	m.buchner: xxx
Wed, 13 Nov 13 16:49:34 +0100	m.buchner: xxx
Thu, 14 Nov 13 10:07:38 +0100	m.buchner: xxx
Sat, 16 Nov 13 08:54:25 +0100	m.buchner: xxx
Sat, 16 Nov 13 11:39:25 +0100	m.buchner: xxx
Sun, 17 Nov 13 11:36:12 +0100	m.buchner: xxx
Mon, 18 Nov 13 15:12:58 +0100	m.buchner: xxx
Mon, 18 Nov 13 16:47:59 +0100	m.buchner: xxx
Tue, 19 Nov 13 09:56:51 +0100	m.buchner: xxx
Tue, 19 Nov 13 15:05:55 +0100	m.buchner: xxx
Thu, 21 Nov 13 11:50:59 +0100	m.buchner: yyy
Fri, 22 Nov 13 12:09:20 +0100	m.buchner: xxx
Tue, 26 Nov 13 19:24:05 +0100	m.buchner: xxx
Wed, 27 Nov 13 16:10:40 +0100	m.buchner: xxx
Fri, 29 Nov 13 10:53:19 +0100	m.buchner: xxx
Fri, 29 Nov 13 12:57:42 +0100	m.buchner: xxx
Fri, 29 Nov 13 13:24:37 +0100	m.buchner: xxx
Fri, 29 Nov 13 17:10:31 +0100	m.buchner: xxx
Sat, 30 Nov 13 08:37:02 +0100	m.buchner: xxx
Sat, 30 Nov 13 10:14:30 +0100	m.buchner: xxx
Sun, 01 Dec 13 11:08:51 +0100	m.buchner: xxx
Sun, 01 Dec 13 15:54:59 +0100	m.buchner: xxx
Mon, 02 Dec 13 10:57:42 +0100	m.buchner: xxx
Thu, 05 Dec 13 10:23:01 +0100	m.buchner: xxxx
Sat, 07 Dec 13 11:20:12 +0100	m.buchner: xxx
Sun, 08 Dec 13 10:34:54 +0100	m.buchner: xxx
Mon, 09 Dec 13 15:10:08 +0100	m.buchner: xxx
Mon, 09 Dec 13 18:18:47 +0100	m.buchner: xxx
Tue, 10 Dec 13 09:28:19 +0100	m.buchner: xxx
Tue, 10 Dec 13 09:58:11 +0100	m.buchner: xxx
Tue, 10 Dec 13 14:58:45 +0100	m.buchner: xxx
Wed, 11 Dec 13 11:17:45 +0100	m.buchner: xxx
Sat, 21 Dec 13 09:36:49 +0100	m.buchner: xxx
Sun, 22 Dec 13 09:27:37 +0100	m.buchner: xxx
Mon, 23 Dec 13 08:26:55 +0100	m.buchner: xxx
Tue, 24 Dec 13 09:23:04 +0100	m.buchner: xxx
Wed, 25 Dec 13 10:42:07 +0100	m.buchner: xxx
Wed, 25 Dec 13 12:06:26 +0100	m.buchner: xxx
Wed, 25 Dec 13 16:23:19 +0100	m.buchner: xxx
Wed, 25 Dec 13 16:54:01 +0100	m.buchner: xxx
Thu, 26 Dec 13 09:20:54 +0100	m.buchner: xxx
Thu, 26 Dec 13 10:47:13 +0100	m.buchner: xxx
Thu, 26 Dec 13 19:37:30 +0100	m.buchner: xxx
Thu, 26 Dec 13 19:39:29 +0100	m.buchner: xxx
Thu, 26 Dec 13 19:40:11 +0100	m.buchner: xxx
Fri, 27 Dec 13 16:32:40 +0100	m.buchner: xxx
Fri, 27 Dec 13 16:44:41 +0100	m.buchner: xxx
Fri, 27 Dec 13 16:45:42 +0100	m.buchner: xxx
Sat, 28 Dec 13 14:38:35 +0100	m.buchner: xxx
Sat, 28 Dec 13 14:39:59 +0100	m.buchner: xxx
Sat, 28 Dec 13 14:44:10 +0100	m.buchner: xxx
Sun, 29 Dec 13 10:12:21 +0100	m.buchner: xxx
Sun, 29 Dec 13 11:04:11 +0100	m.buchner: xxx
Mon, 06 Jan 14 14:39:26 +0100	m.buchner: xxx
Mon, 06 Jan 14 14:40:10 +0100	m.buchner: xxx
Tue, 07 Jan 14 09:51:40 +0100	m.buchner: xxx
Tue, 07 Jan 14 09:54:58 +0100	m.buchner: xxx
Tue, 07 Jan 14 09:55:40 +0100	m.buchner: xxx
Wed, 08 Jan 14 10:16:54 +0100	m.buchner: xxx
Fri, 10 Jan 14 10:39:54 +0100	m.buchner: xxx
Fri, 10 Jan 14 10:44:46 +0100	m.buchner: xxx
Fri, 10 Jan 14 12:47:42 +0100	m.buchner: xxx
Fri, 10 Jan 14 18:54:31 +0100	m.buchner: xxx
Wed, 15 Jan 14 09:36:42 +0100	m.buchner: XXX
Wed, 15 Jan 14 09:40:04 +0100	m.buchner: xxx
Wed, 15 Jan 14 15:57:36 +0100	m.buchner: xxx
Fri, 17 Jan 14 09:22:03 +0100	m.buchner: xxx
Fri, 24 Jan 14 09:19:54 +0100	m.buchner: xxx
Thu, 30 Jan 14 12:06:26 +0100	m.buchner: xxx
Thu, 30 Jan 14 13:43:01 +0100	m.buchner: xxx
Sat, 08 Feb 14 17:36:24 +0100	m.buchner: xxx
Sat, 08 Feb 14 17:37:03 +0100	m.buchner: xxx
Sat, 08 Feb 14 17:37:29 +0100	m.buchner: xxx
Sat, 08 Feb 14 17:37:56 +0100	m.buchner: xxx
Sat, 08 Feb 14 17:38:27 +0100	m.buchner: xx
Sat, 08 Feb 14 17:39:47 +0100	m.buchner: xxx
Sat, 08 Feb 14 17:40:34 +0100	m.buchner: xxx
Sat, 08 Feb 14 17:41:22 +0100	m.buchner: xxx
Sat, 08 Feb 14 17:41:58 +0100	m.buchner: xxx
Sat, 08 Feb 14 18:03:53 +0100	m.buchner: xxx
Sat, 08 Feb 14 18:04:23 +0100	m.buchner: xxx
Sat, 22 Feb 14 10:25:01 +0100	m.buchner: xxx
Sat, 22 Feb 14 10:25:42 +0100	m.buchner: xxx
Sat, 22 Feb 14 10:27:00 +0100	m.buchner: xxx
Sat, 22 Feb 14 10:43:52 +0100	m.buchner: xxx
Sat, 22 Feb 14 17:16:30 +0100	Florian Buchner: Sender eintragen
Sat, 22 Feb 14 17:52:59 +0100	Florian Buchner: domain umstellen
Sun, 23 Feb 14 10:02:49 +0100	m.buchner: xxx
Sun, 23 Feb 14 11:03:02 +0100	m.buchner: xxx
Sun, 23 Feb 14 11:27:26 +0100	m.buchner: xxx
Mon, 24 Feb 14 11:39:13 +0100	m.buchner: xxx
Wed, 26 Feb 14 08:26:12 +0100	m.buchner: xxx
Wed, 26 Feb 14 12:59:58 +0100	m.buchner: xxx
Wed, 26 Feb 14 13:29:41 +0100	m.buchner: xxx
Wed, 26 Feb 14 13:48:01 +0100	m.buchner: xx
Fri, 28 Feb 14 13:03:11 +0100	m.buchner: xxx
Sun, 02 Mar 14 09:32:26 +0100	m.buchner: xxx
Sun, 02 Mar 14 12:06:05 +0100	m.buchner: xxx
Mon, 03 Mar 14 10:53:54 +0100	m.buchner: xxx
Mon, 03 Mar 14 10:57:35 +0100	m.buchner: xxx
Thu, 06 Mar 14 09:13:28 +0100	m.buchner: xxx
Tue, 11 Mar 14 10:15:12 +0100	m.buchner: xxx
Fri, 21 Mar 14 13:29:43 +0100	m.buchner: xxx
Sun, 23 Mar 14 14:37:38 +0100	m.buchner: xxx
Sun, 23 Mar 14 15:13:53 +0100	m.buchner: xxx
Fri, 04 Apr 14 13:09:50 +0200	m.buchner: xxx
Mon, 07 Apr 14 11:51:41 +0200	m.buchner: xxx
Mon, 07 Apr 14 18:50:12 +0200	m.buchner: xxx
Mon, 07 Apr 14 18:52:08 +0200	m.buchner: xxx
Mon, 07 Apr 14 19:18:41 +0200	m.buchner: xxx
Tue, 08 Apr 14 09:39:19 +0200	m.buchner: xxx
Tue, 08 Apr 14 12:40:23 +0200	m.buchner: xxx
Wed, 09 Apr 14 10:10:32 +0200	m.buchner: xxx
Wed, 09 Apr 14 10:25:08 +0200	m.buchner: xxx
Thu, 10 Apr 14 09:48:37 +0200	m.buchner: xxx
Thu, 10 Apr 14 14:37:21 +0200	m.buchner: xxx
Thu, 10 Apr 14 18:22:57 +0200	m.buchner: xxx
Thu, 10 Apr 14 19:01:31 +0200	m.buchner: xxx
Thu, 10 Apr 14 19:22:20 +0200	m.buchner: xxx
Fri, 11 Apr 14 18:08:56 +0200	m.buchner: xxx
Fri, 11 Apr 14 18:54:55 +0200	m.buchner: xxx
Fri, 11 Apr 14 19:21:25 +0200	m.buchner: xxx
Sat, 12 Apr 14 08:28:43 +0200	m.buchner: xxx
Sat, 12 Apr 14 08:33:39 +0200	m.buchner: xxx
Sun, 13 Apr 14 09:53:14 +0200	m.buchner: XXX
Sun, 13 Apr 14 13:19:17 +0200	m.buchner: xxx
Tue, 15 Apr 14 09:03:57 +0200	m.buchner: XXX
Tue, 15 Apr 14 09:25:17 +0200	m.buchner: xxx
Thu, 17 Apr 14 11:53:16 +0200	m.buchner: xxx
Thu, 17 Apr 14 16:06:02 +0200	m.buchner: xxx
Thu, 17 Apr 14 16:07:23 +0200	m.buchner: xxx
Thu, 17 Apr 14 16:14:31 +0200	m.buchner: xx
Thu, 17 Apr 14 16:15:10 +0200	m.buchner: xx
Thu, 17 Apr 14 16:15:54 +0200	m.buchner: xxx
Thu, 17 Apr 14 16:21:57 +0200	m.buchner: xxx
Thu, 17 Apr 14 18:37:41 +0200	m.buchner: xx
Thu, 17 Apr 14 19:40:11 +0200	m.buchner: xxx
Thu, 17 Apr 14 19:52:43 +0200	m.buchner: xxx
Thu, 17 Apr 14 19:55:27 +0200	m.buchner: xxx
Fri, 18 Apr 14 08:37:19 +0200	m.buchner: xxx
Sat, 19 Apr 14 10:42:44 +0200	m.buchner: xxx
Sat, 19 Apr 14 10:43:47 +0200	m.buchner: xxx
Sat, 19 Apr 14 13:28:32 +0200	m.buchner: xxx
Sat, 19 Apr 14 20:18:01 +0200	m.buchner: xxx
Sat, 19 Apr 14 20:49:26 +0200	m.buchner: xxx
Sun, 20 Apr 14 12:33:30 +0200	m.buchner: xxx
Sun, 20 Apr 14 18:20:45 +0200	m.buchner: xxx
Wed, 23 Apr 14 09:52:26 +0200	m.buchner: xxx
Wed, 23 Apr 14 09:56:58 +0200	m.buchner: xxx
Wed, 23 Apr 14 10:59:04 +0200	m.buchner: xxx
Thu, 24 Apr 14 14:51:21 +0200	m.buchner: xxx
Sat, 26 Apr 14 11:25:06 +0200	m.buchner: xxx
Sat, 26 Apr 14 11:31:05 +0200	m.buchner: xxx
Sat, 26 Apr 14 11:50:42 +0200	m.buchner: xxx
Sat, 26 Apr 14 11:59:31 +0200	m.buchner: xxx
Sat, 26 Apr 14 20:31:52 +0200	m.buchner: yyy
Tue, 29 Apr 14 18:29:15 +0200	m.buchner: xxx
Thu, 01 May 14 10:42:49 +0200	m.buchner: xxx
Thu, 01 May 14 11:00:42 +0200	m.buchner: xxx
Thu, 01 May 14 11:02:22 +0200	m.buchner: xxx
Sun, 04 May 14 21:05:40 +0200	m.buchner: xxx
Thu, 08 May 14 18:18:32 +0200	m.buchner: xxx
Fri, 09 May 14 09:26:14 +0200	m.buchner: xxx
Fri, 09 May 14 19:09:06 +0200	m.buchner: xxx
Sat, 10 May 14 10:44:10 +0200	m.buchner: xxx
Sun, 11 May 14 10:03:02 +0200	m.buchner: xxx
Sun, 11 May 14 13:06:20 +0200	m.buchner: xxx
Mon, 12 May 14 09:16:26 +0200	m.buchner: vvv
Mon, 12 May 14 10:12:40 +0200	m.buchner: xxx
Mon, 12 May 14 16:25:50 +0200	m.buchner: xx
Wed, 14 May 14 15:53:52 +0200	m.buchner: xxx
Sat, 24 May 14 10:13:09 +0200	m.buchner: xxx
Sun, 25 May 14 10:19:18 +0200	m.buchner: xxx
Sun, 25 May 14 10:26:25 +0200	m.buchner: xxx
Mon, 26 May 14 12:46:42 +0200	m.buchner: xxx
Tue, 27 May 14 13:26:59 +0200	m.buchner: xxx
Wed, 28 May 14 16:56:15 +0200	m.buchner: xxx
Fri, 30 May 14 09:28:00 +0200	m.buchner: xxx
Mon, 02 Jun 14 15:49:17 +0200	m.buchner: xxx
Mon, 02 Jun 14 18:39:57 +0200	m.buchner: xxx
Tue, 03 Jun 14 09:38:27 +0200	m.buchner: xxx
Sat, 07 Jun 14 10:26:23 +0200	m.buchner: XXX
Sat, 14 Jun 14 17:17:28 +0200	m.buchner: xxx
Mon, 16 Jun 14 12:48:49 +0200	m.buchner: xxx
Wed, 18 Jun 14 09:59:58 +0200	m.buchner: xxx
Sat, 28 Jun 14 10:48:06 +0200	m.buchner: xxx
Sat, 28 Jun 14 11:01:43 +0200	m.buchner: xxx
Sun, 29 Jun 14 11:56:37 +0200	m.buchner: xxx
Mon, 30 Jun 14 10:01:49 +0200	m.buchner: xxx
Sat, 05 Jul 14 11:29:12 +0200	m.buchner: xxx
Sun, 06 Jul 14 11:06:22 +0200	m.buchner: xxx
Tue, 08 Jul 14 10:29:18 +0200	m.buchner: xxx
Tue, 08 Jul 14 11:18:52 +0200	m.buchner: xxx
Tue, 08 Jul 14 11:30:06 +0200	m.buchner: xxx
Sat, 12 Jul 14 20:21:43 +0200	m.buchner: xxx
Sat, 12 Jul 14 20:44:46 +0200	m.buchner: xxx
Mon, 21 Jul 14 19:59:01 +0200	m.buchner: xxx
Mon, 21 Jul 14 20:11:33 +0200	m.buchner: xxx
Tue, 22 Jul 14 12:10:34 +0200	m.buchner: xxx
Tue, 22 Jul 14 12:23:36 +0200	m.buchner: xxx
Tue, 22 Jul 14 18:23:07 +0200	m.buchner: xxx
Wed, 30 Jul 14 08:24:15 +0200	m.buchner: xxx
Wed, 30 Jul 14 14:07:16 +0200	m.buchner: xxx
Fri, 01 Aug 14 09:38:52 +0200	m.buchner: xxx
Fri, 01 Aug 14 10:46:49 +0200	m.buchner: xxx
Fri, 01 Aug 14 11:10:37 +0200	m.buchner: xxx
Sat, 09 Aug 14 19:24:27 +0200	michael: xxx
Mon, 25 Aug 14 10:55:12 +0200	michael: xxx
Mon, 25 Aug 14 12:27:43 +0200	michael: xxx
Mon, 25 Aug 14 14:36:37 +0200	michael: xxx
Tue, 26 Aug 14 00:39:08 +0200	michael: xxx
Tue, 26 Aug 14 01:32:12 +0200	michael: xxx
Tue, 26 Aug 14 09:57:45 +0200	michael: xxx
Tue, 26 Aug 14 14:20:41 +0200	michael: xxx
Tue, 26 Aug 14 14:33:46 +0200	michael: xxx
Thu, 28 Aug 14 00:12:54 +0200	michael: yyy
Fri, 29 Aug 14 11:08:01 +0200	michael: xxxx
Fri, 29 Aug 14 11:38:36 +0200	michael: xxx
Fri, 29 Aug 14 16:21:47 +0200	michael: xxx
Wed, 03 Sep 14 10:00:55 +0200	michael: xxx
Wed, 03 Sep 14 12:22:55 +0200	michael: xxx
Wed, 03 Sep 14 12:35:22 +0200	michael: xxx
Fri, 05 Sep 14 12:25:39 +0200	michael: xxx
Sat, 06 Sep 14 17:04:17 +0200	michael: xxx
Wed, 10 Sep 14 12:34:35 +0200	michael: xxx
Fri, 12 Sep 14 12:12:00 +0200	michael: xxx
Sun, 28 Sep 14 11:07:53 +0200	michael: xxx
Thu, 02 Oct 14 13:51:11 +0200	michael: xxx
Fri, 10 Oct 14 15:49:11 +0200	michael: xxx
Fri, 10 Oct 14 16:14:40 +0200	michael: xx
Tue, 14 Oct 14 07:00:46 +0200	michael: xxx
Wed, 15 Oct 14 10:52:52 +0200	michael: xxx
Wed, 15 Oct 14 11:12:04 +0200	michael: xxx
Sat, 22 Nov 14 19:26:35 +0100	michi: xxx
Thu, 27 Nov 14 14:05:53 +0100	michi: xxx
Thu, 27 Nov 14 18:58:06 +0100	michi: xxx
Tue, 02 Dec 14 12:48:20 +0100	michi: xxx
Wed, 03 Dec 14 14:45:19 +0100	michi: xxx
Mon, 08 Dec 14 11:50:12 +0100	michi: xxx
Sat, 27 Dec 14 15:30:40 +0100	michi: xxx
Sun, 28 Dec 14 09:57:17 +0100	michi: xxx
Tue, 06 Jan 15 10:25:58 +0100	michi: xxx
Fri, 09 Jan 15 13:39:36 +0100	michi: xxx
Sat, 10 Jan 15 11:21:21 +0100	michi: xxx
Sat, 10 Jan 15 14:22:22 +0100	michi: xxx
Sat, 10 Jan 15 18:27:29 +0100	michi: xxx
Sat, 10 Jan 15 18:50:18 +0100	michi: xxx
Sat, 10 Jan 15 19:45:18 +0100	michi: xxx
Sun, 11 Jan 15 14:32:39 +0100	michi: xxx
Sun, 11 Jan 15 14:48:53 +0100	michi: xxx
Mon, 12 Jan 15 11:32:50 +0100	michi: xxx
Mon, 12 Jan 15 13:00:23 +0100	michi: xxx
Mon, 12 Jan 15 13:34:16 +0100	michi: xxx
Mon, 12 Jan 15 14:17:26 +0100	michi: xxx
Mon, 12 Jan 15 14:30:46 +0100	michi: xxx
Mon, 12 Jan 15 15:20:43 +0100	michi: xxx
Sat, 24 Jan 15 13:08:15 +0100	michi: xxx
Sun, 08 Feb 15 13:59:28 +0100	michi: xxx
Sun, 08 Feb 15 14:45:24 +0100	michi: xxx
Sun, 08 Feb 15 17:09:14 +0100	michi: xxx
Sun, 08 Feb 15 17:26:19 +0100	michi: xxx
Mon, 09 Feb 15 09:23:05 +0100	michi: xxx
Mon, 09 Feb 15 11:00:16 +0100	michi: xxx
Mon, 09 Feb 15 11:33:18 +0100	michi: xxx
Mon, 09 Feb 15 11:44:03 +0100	michi: xxx
Sat, 14 Feb 15 15:29:04 +0100	michi: xxx
Sat, 14 Feb 15 15:39:59 +0100	michi: xxx
Sat, 14 Feb 15 16:04:21 +0100	michi: xxx
Sat, 14 Feb 15 16:11:37 +0100	michi: xxx
Sat, 14 Feb 15 16:19:48 +0100	michi: xxx
Sun, 15 Feb 15 11:47:52 +0100	michi: xxx
Sun, 15 Feb 15 12:53:13 +0100	michi: xxx
Sun, 15 Feb 15 13:30:28 +0100	michi: xxx
Sun, 15 Feb 15 14:47:33 +0100	michi: xxx
Sun, 15 Feb 15 15:25:11 +0100	michi: xxx
Sun, 15 Feb 15 19:28:29 +0100	michi: x
Mon, 16 Feb 15 09:35:20 +0100	michi: xx
Fri, 20 Feb 15 10:19:19 +0100	michi: x
Fri, 20 Feb 15 14:09:04 +0100	michi: xxx
Fri, 20 Feb 15 14:48:13 +0100	michi: xxx
Fri, 20 Feb 15 14:49:40 +0100	michi: xx
Sat, 21 Feb 15 13:09:20 +0100	michi: xx
Sat, 21 Feb 15 13:40:59 +0100	michi: xxx
Sat, 21 Feb 15 14:25:05 +0100	michi: xxx
Sun, 22 Feb 15 12:32:34 +0100	michi: xxx
Sun, 22 Feb 15 13:01:32 +0100	michi: xxx
Sun, 22 Feb 15 13:05:45 +0100	michi: xxx
Sun, 22 Feb 15 13:15:42 +0100	michi: xxx
Sun, 22 Feb 15 13:21:58 +0100	michi: xxx
Fri, 27 Feb 15 16:30:06 +0100	michi: xxx
Sat, 28 Feb 15 15:14:24 +0100	michi: xxx
Sat, 28 Feb 15 18:27:28 +0100	michi: xxx
Sun, 01 Mar 15 11:43:03 +0100	michi: xxx
Sun, 01 Mar 15 15:47:44 +0100	michi: xxx
Mon, 02 Mar 15 10:25:20 +0100	michi: xxx
Mon, 02 Mar 15 10:29:22 +0100	michi: xxx
Mon, 02 Mar 15 10:52:03 +0100	michi: xxx
Mon, 02 Mar 15 10:54:03 +0100	michi: xxx
Mon, 02 Mar 15 10:55:58 +0100	michi: xxx
Mon, 02 Mar 15 12:00:30 +0100	michi: xxx
Mon, 02 Mar 15 14:38:17 +0100	michi: XXX
Tue, 03 Mar 15 12:00:52 +0100	michi: xxx
Sun, 08 Mar 15 14:01:34 +0100	michi: xxx
Mon, 09 Mar 15 15:18:58 +0100	michi: xxx
Mon, 09 Mar 15 17:06:06 +0100	michi: xxx
Mon, 16 Mar 15 12:06:50 +0100	michi: xxx
Tue, 17 Mar 15 19:13:01 +0100	michi: xxx
Wed, 18 Mar 15 08:23:13 +0100	michi: xxx
Wed, 18 Mar 15 10:27:39 +0100	michi: xxx
Thu, 19 Mar 15 08:41:19 +0100	michi: xxx
Sat, 21 Mar 15 13:55:59 +0100	michi: xxx
Sat, 21 Mar 15 14:26:59 +0100	michi: xxx
Sat, 21 Mar 15 14:56:46 +0100	michi: xxx
Sun, 22 Mar 15 11:37:19 +0100	michi: xxx
Sun, 22 Mar 15 13:38:36 +0100	michi: xxx
Mon, 23 Mar 15 09:13:21 +0100	michi: xxx
Mon, 23 Mar 15 11:57:56 +0100	michi: xxx
Thu, 02 Apr 15 13:11:32 +0200	michi: xxx
Thu, 02 Apr 15 13:53:35 +0200	michi: xxx
Thu, 02 Apr 15 14:04:31 +0200	michi: xxx
Tue, 07 Apr 15 10:41:12 +0200	michi: xxx
Tue, 07 Apr 15 10:58:59 +0200	michi: xxx
Tue, 07 Apr 15 13:18:16 +0200	michi: xxx
Tue, 07 Apr 15 13:36:07 +0200	michi: xxx
Wed, 08 Apr 15 10:02:13 +0200	michi: xxx
Wed, 08 Apr 15 10:07:50 +0200	michi: xxx
Wed, 08 Apr 15 10:13:16 +0200	michi: xxx
Wed, 08 Apr 15 13:42:18 +0200	michi: xxx
Wed, 08 Apr 15 13:42:34 +0200	michi: xxx
Sun, 12 Apr 15 12:52:49 +0200	michi: xxx
Sun, 12 Apr 15 13:08:30 +0200	michi: xxx
Sun, 12 Apr 15 14:57:59 +0200	michi: xxx
Mon, 13 Apr 15 08:32:34 +0200	michi: xxx
Mon, 13 Apr 15 10:09:25 +0200	michi: xxx
Mon, 13 Apr 15 12:03:49 +0200	michi: xxx
Tue, 14 Apr 15 11:20:35 +0200	michi: xxx
Tue, 14 Apr 15 11:22:16 +0200	michi: xxx
Tue, 14 Apr 15 11:29:49 +0200	michi: xxx
Fri, 17 Apr 15 11:48:03 +0200	michi: xxx
Fri, 17 Apr 15 11:51:05 +0200	michi: xxx
Fri, 17 Apr 15 13:26:37 +0200	michi: xxx
Fri, 17 Apr 15 13:31:50 +0200	michi: xxx
Fri, 17 Apr 15 15:13:09 +0200	michi: xxxx
Fri, 17 Apr 15 15:36:02 +0200	michi: xxx
Fri, 17 Apr 15 20:49:20 +0200	michi: xxx
Sun, 19 Apr 15 13:10:55 +0200	michi: xxx
Sun, 19 Apr 15 14:11:11 +0200	michi: xxx
Sun, 19 Apr 15 16:39:57 +0200	michi: xxxx
Mon, 20 Apr 15 11:15:15 +0200	michi: xxx
Mon, 20 Apr 15 11:54:08 +0200	michi: xxx
Mon, 20 Apr 15 14:43:07 +0200	michi: xxx
Mon, 20 Apr 15 15:02:35 +0200	michi: xxx
Mon, 20 Apr 15 19:47:21 +0200	michi: xxx
Wed, 22 Apr 15 10:39:33 +0200	michi: xxx
Tue, 28 Apr 15 11:18:54 +0200	michi: xxx
Tue, 28 Apr 15 12:12:41 +0200	michi: xxx
Tue, 28 Apr 15 12:12:54 +0200	michi: xxx
Tue, 28 Apr 15 12:59:11 +0200	michi: xxx
Tue, 28 Apr 15 14:03:12 +0200	michi: xxx
Fri, 01 May 15 13:22:10 +0200	michi: xxx
Fri, 01 May 15 13:26:19 +0200	michi: xxx
Fri, 01 May 15 14:22:17 +0200	michi: xxx
Sat, 16 May 15 12:52:14 +0200	michi: xxx
Sat, 16 May 15 15:08:21 +0200	michi: xxx
Sat, 16 May 15 15:15:31 +0200	michi: xxx
Sat, 16 May 15 15:37:17 +0200	michi: xxx
Sun, 17 May 15 11:18:40 +0200	michi: xxx
Sun, 17 May 15 15:07:43 +0200	michi: xxx
Sun, 17 May 15 17:07:26 +0200	michi: xxx
Mon, 18 May 15 11:55:31 +0200	michi: xxx
Tue, 26 May 15 11:27:04 +0200	michi: xxx
Tue, 26 May 15 11:27:30 +0200	michi: xxx
Sun, 31 May 15 12:05:24 +0200	michi: xxx
Sun, 31 May 15 12:39:59 +0200	michi: xxx
Sun, 31 May 15 14:40:48 +0200	michi: xxx
Sun, 07 Jun 15 14:58:13 +0200	michi: xxx
Mon, 08 Jun 15 11:43:07 +0200	michi: xxx
Thu, 09 Jul 15 09:13:53 +0200	b: xx
Thu, 09 Jul 15 09:50:39 +0200	x: xx
Sat, 11 Jul 15 14:57:30 +0200	michi: xxxx
Sat, 11 Jul 15 17:09:14 +0200	michi: xxx
Tue, 01 Sep 15 11:23:03 +0200	michi: xxx
Fri, 04 Sep 15 14:55:27 +0200	michi: xxx
Fri, 04 Sep 15 15:14:54 +0200	michi: xxx
Fri, 04 Sep 15 17:23:00 +0200	michi: xxx
Sat, 05 Sep 15 17:24:52 +0200	michi: xxx
Mon, 14 Sep 15 14:01:06 +0200	michi: xxx
Mon, 21 Sep 15 16:08:35 +0200	michi: xxx
Sun, 27 Sep 15 15:57:50 +0200	michi: xxx
Sun, 27 Sep 15 16:13:21 +0200	michi: xxx
Mon, 28 Sep 15 13:45:27 +0200	michi: xxx
Mon, 28 Sep 15 13:54:42 +0200	michi: xxx
Mon, 28 Sep 15 14:09:45 +0200	michi: xxx
Tue, 29 Sep 15 10:23:05 +0200	michi: xxx
Tue, 29 Sep 15 10:26:35 +0200	michi: xxx
Tue, 29 Sep 15 11:47:59 +0200	michi: xxx
Tue, 29 Sep 15 12:32:01 +0200	michi: xxx
Tue, 29 Sep 15 13:40:00 +0200	michi: xxx
Tue, 29 Sep 15 16:04:34 +0200	michi: xxx
Tue, 27 Oct 15 15:10:00 +0100	michi: xxx
Tue, 27 Oct 15 15:11:38 +0100	michi: xxx
Tue, 27 Oct 15 15:18:19 +0100	michi: xxx
Tue, 27 Oct 15 16:16:53 +0100	michi: xxx
Tue, 27 Oct 15 16:44:49 +0100	michi: xxx
Wed, 28 Oct 15 10:00:57 +0100	michi: xxx
Thu, 29 Oct 15 15:43:47 +0100	michi: xxxx
Sat, 31 Oct 15 11:05:41 +0100	michi: xxx
Sat, 31 Oct 15 11:26:24 +0100	michi: xxx
Mon, 02 Nov 15 11:38:23 +0100	michi: xxx
Mon, 02 Nov 15 11:38:38 +0100	michi: xxx
Mon, 02 Nov 15 11:44:28 +0100	michi: xxx
Tue, 03 Nov 15 14:16:56 +0100	michi: XXX
Thu, 05 Nov 15 14:16:25 +0100	michi: xxx
Thu, 05 Nov 15 14:32:00 +0100	michi: xxx
Thu, 05 Nov 15 14:34:52 +0100	michi: xxx
Thu, 05 Nov 15 17:23:44 +0100	michi: xxx
Thu, 05 Nov 15 17:23:54 +0100	michi: xxx
Thu, 05 Nov 15 17:50:44 +0100	michi: xxx
Fri, 06 Nov 15 12:16:07 +0100	michi: xxx
Sun, 08 Nov 15 12:17:27 +0100	michi: xxx
Sun, 08 Nov 15 19:40:02 +0100	michi: xxx
Mon, 09 Nov 15 17:45:20 +0100	michi: xxx
Mon, 09 Nov 15 19:27:53 +0100	michi: xxx
Tue, 10 Nov 15 12:52:49 +0100	michi: xxx
Tue, 10 Nov 15 18:29:33 +0100	michi: xxx
Tue, 10 Nov 15 20:20:18 +0100	michi: vvv
Sun, 15 Nov 15 12:48:46 +0100	michi: xxx
Mon, 16 Nov 15 14:38:23 +0100	michi: xxx
Mon, 16 Nov 15 17:26:41 +0100	michi: xxx
Tue, 17 Nov 15 11:42:54 +0100	michi: xxx
Tue, 17 Nov 15 12:53:23 +0100	michi: xxx
Tue, 17 Nov 15 17:42:49 +0100	michi: xxx
Wed, 18 Nov 15 09:28:06 +0100	michi: xxx
Sat, 21 Nov 15 14:08:44 +0100	michi: xxx
Sun, 22 Nov 15 11:27:59 +0100	michi: xxx
Sun, 22 Nov 15 11:56:54 +0100	michi: xxx
Sun, 22 Nov 15 13:26:21 +0100	michi: xxx
Sun, 22 Nov 15 13:26:30 +0100	michi: xx
Sun, 22 Nov 15 13:34:16 +0100	michi: xxx
Sun, 22 Nov 15 14:38:02 +0100	michi: xxx
Sun, 22 Nov 15 18:29:10 +0100	MICHI: Xxx
Sun, 22 Nov 15 18:33:16 +0100	MICHI: Xxx
Mon, 23 Nov 15 14:12:46 +0100	michi: 221
Mon, 23 Nov 15 15:39:41 +0100	michi: xxx
Mon, 23 Nov 15 21:06:42 +0100	michi: xx
Mon, 23 Nov 15 23:03:13 +0100	michi: xxx
Tue, 24 Nov 15 11:25:42 +0100	michi: xxx
Tue, 24 Nov 15 12:01:53 +0100	michi: xxx
Tue, 24 Nov 15 14:02:35 +0100	michi: xxx
Tue, 24 Nov 15 14:02:43 +0100	michi: xxx
Tue, 24 Nov 15 14:04:38 +0100	michi: xxx
Tue, 24 Nov 15 14:23:06 +0100	michi: xxx
Fri, 27 Nov 15 12:48:38 +0100	michi: xxx
Fri, 27 Nov 15 12:58:15 +0100	michi: xxx
Fri, 27 Nov 15 14:14:42 +0100	michi: xxx
Sat, 28 Nov 15 16:04:20 +0100	michi: xxx
Sat, 28 Nov 15 16:14:35 +0100	michi: xxx
Sun, 29 Nov 15 12:23:25 +0100	michi: xxx
Mon, 30 Nov 15 14:14:29 +0100	michi: xxx
Tue, 01 Dec 15 18:08:35 +0100	michi: xxx
Wed, 02 Dec 15 11:04:29 +0100	michi: xxx
Wed, 02 Dec 15 11:22:32 +0100	michi: xxx
Wed, 02 Dec 15 12:27:15 +0100	michi: xxx
Wed, 02 Dec 15 13:15:10 +0100	michi: xxx
Wed, 02 Dec 15 14:21:57 +0100	michi: xxx
Wed, 02 Dec 15 14:41:25 +0100	michi: xxx
Wed, 02 Dec 15 15:31:02 +0100	michi: xxx
Wed, 02 Dec 15 16:09:59 +0100	michi: xxx
Fri, 04 Dec 15 08:29:21 +0100	michi: xxx
Fri, 04 Dec 15 09:50:05 +0100	michi: xxx
Fri, 04 Dec 15 11:17:29 +0100	michi: xxx
Tue, 08 Dec 15 18:31:00 +0100	michi: xxx
Fri, 18 Dec 15 12:34:34 +0100	michi: xxx
Sat, 19 Dec 15 14:13:35 +0100	michi: xxx
Sat, 19 Dec 15 14:30:29 +0100	michi: xxx
Sun, 20 Dec 15 11:02:50 +0100	michi: xxx
Sun, 20 Dec 15 13:41:02 +0100	michi: xxx
Thu, 31 Dec 15 13:29:30 +0100	michi: xxx
Mon, 04 Jan 16 13:46:03 +0100	michi: xxx
Mon, 04 Jan 16 14:34:37 +0100	michi: xxx
Mon, 04 Jan 16 21:01:19 +0100	michi: xxx
Wed, 06 Jan 16 12:17:34 +0100	michi: xxx
Thu, 07 Jan 16 18:54:42 +0100	michi: xxx
Fri, 08 Jan 16 10:51:00 +0100	michi: xxx
Fri, 08 Jan 16 11:06:32 +0100	michi: xxx
Fri, 08 Jan 16 12:35:28 +0100	michi: xxx
Sat, 09 Jan 16 10:59:17 +0100	michi: xxx
Sat, 09 Jan 16 11:15:50 +0100	michi: xxx
Sun, 10 Jan 16 10:21:28 +0100	michi: xxx
Sun, 10 Jan 16 12:16:53 +0100	michi: xxx
Sun, 10 Jan 16 13:05:22 +0100	michi: xxx
Mon, 11 Jan 16 09:41:17 +0100	michi: xxx
Mon, 11 Jan 16 13:21:15 +0100	michi: xxx
Wed, 13 Jan 16 09:31:30 +0100	michi: xxx
Wed, 13 Jan 16 15:30:53 +0100	michi: xxx
Wed, 13 Jan 16 16:11:53 +0100	michi: xxx
Sat, 16 Jan 16 12:44:13 +0100	michi: xxx
Sat, 16 Jan 16 12:52:12 +0100	michi: xxx
Sat, 16 Jan 16 14:59:28 +0100	michi: xxx
Sat, 16 Jan 16 18:38:26 +0100	michi: xxx
Sat, 16 Jan 16 18:41:47 +0100	michi: xxx
Sat, 16 Jan 16 19:09:40 +0100	michi: xxx
Mon, 18 Jan 16 09:55:51 +0100	michi: xxx
Mon, 18 Jan 16 10:28:54 +0100	michi: xxx
Mon, 18 Jan 16 11:31:59 +0100	michi: xxx
Mon, 18 Jan 16 14:16:04 +0100	michi: xxx
Tue, 19 Jan 16 13:50:27 +0100	michi: xxx
Thu, 21 Jan 16 10:59:10 +0100	michi: xxx
Thu, 21 Jan 16 11:36:54 +0100	michi: xxx
Thu, 21 Jan 16 13:17:09 +0100	michi: xxx
Thu, 21 Jan 16 13:38:08 +0100	michi: xxx
Thu, 21 Jan 16 15:27:44 +0100	michi: xxx
Thu, 21 Jan 16 15:57:12 +0100	michi: xxx
Fri, 22 Jan 16 17:18:21 +0100	michi: xxx
Mon, 25 Jan 16 10:58:07 +0100	michi: xxx
Tue, 26 Jan 16 14:20:55 +0100	michi: xxx
Tue, 26 Jan 16 15:26:21 +0100	michi: xxx
Wed, 27 Jan 16 10:58:55 +0100	michi: xxx
Wed, 27 Jan 16 11:59:24 +0100	michi: xxx
Thu, 28 Jan 16 10:38:08 +0100	michi: xxx
Mon, 01 Feb 16 15:57:26 +0100	michi: xxx
Mon, 01 Feb 16 16:52:46 +0100	michi: xxx
Mon, 01 Feb 16 17:12:22 +0100	michi: xxx
Wed, 03 Feb 16 10:31:08 +0100	michi: xxx
Wed, 03 Feb 16 10:33:34 +0100	michi: xxx
Fri, 05 Feb 16 11:36:32 +0100	michi: xxx
Fri, 05 Feb 16 11:49:15 +0100	michi: xxx
Mon, 08 Feb 16 17:28:56 +0100	michi: xxx
Mon, 08 Feb 16 18:23:21 +0100	michi: xxx
Tue, 09 Feb 16 11:29:08 +0100	michi: xxx
Wed, 10 Feb 16 09:39:48 +0100	michi: xxx
Wed, 10 Feb 16 11:14:15 +0100	michi: xxx
Wed, 10 Feb 16 11:24:44 +0100	michi: xxx
Thu, 11 Feb 16 15:57:53 +0100	michi: xxx
Thu, 11 Feb 16 16:26:09 +0100	michi: xxx
Fri, 12 Feb 16 13:02:24 +0100	michi: xxx
Fri, 12 Feb 16 14:24:30 +0100	michi: xxx
Fri, 12 Feb 16 15:13:31 +0100	michi: xxx
Fri, 12 Feb 16 15:28:33 +0100	michi: xxx
Sun, 14 Feb 16 11:23:46 +0100	michi: xxx
Sat, 20 Feb 16 13:29:58 +0100	michi: xxx
Sat, 20 Feb 16 14:35:16 +0100	michi: xxx
Sat, 20 Feb 16 20:37:58 +0100	michi: xxx
Sun, 21 Feb 16 12:36:45 +0100	michi: xxx
Mon, 22 Feb 16 10:24:30 +0100	michi: xxx
Sat, 27 Feb 16 12:15:07 +0100	michi: xxx
Sun, 28 Feb 16 10:25:39 +0100	michi: xxx
Sun, 28 Feb 16 11:47:47 +0100	michi: xxx
Mon, 29 Feb 16 18:32:12 +0100	michi: xxx
Tue, 01 Mar 16 10:39:46 +0100	michi: xxx
Tue, 01 Mar 16 11:27:42 +0100	michi: xxx
Wed, 16 Mar 16 11:04:30 +0100	michi: xxx
Sat, 26 Mar 16 12:09:56 +0100	michi: xxx
Sat, 26 Mar 16 15:00:01 +0100	michi: xxx
Wed, 06 Apr 16 13:52:49 +0200	michi: xxx
Wed, 06 Apr 16 14:04:45 +0200	michi: xxx
Wed, 06 Apr 16 14:26:28 +0200	michi: xxx
Sun, 17 Apr 16 17:44:47 +0200	michi: xxx
Mon, 25 Apr 16 14:15:41 +0200	michi: xxx
Tue, 26 Apr 16 10:50:12 +0200	michi: xxx
Wed, 27 Apr 16 10:06:15 +0200	michi: xxx
Tue, 03 May 16 15:18:44 +0200	michi: xxx
Tue, 03 May 16 15:42:52 +0200	michi: xxx
Tue, 03 May 16 17:04:37 +0200	michi: xxx
Sat, 07 May 16 13:17:52 +0200	michi: xxx
Sat, 07 May 16 16:52:04 +0200	michi: xxx
Sun, 08 May 16 12:38:24 +0200	michi: xxx
Mon, 13 Jun 16 18:12:29 +0200	michi: xxx
Wed, 15 Jun 16 10:41:55 +0200	michi: xxx
Thu, 16 Jun 16 09:48:09 +0200	michi: xxx
Sun, 19 Jun 16 20:36:36 +0200	michi: xxx
Mon, 20 Jun 16 09:37:10 +0200	michi: xxx
Mon, 20 Jun 16 09:58:33 +0200	michi: xxx
Mon, 20 Jun 16 10:20:22 +0200	michi: xxx
Mon, 04 Jul 16 18:41:47 +0200	michi: xxx
Thu, 18 Aug 16 08:09:59 +0200	michi: xxx
Thu, 18 Aug 16 11:38:26 +0200	michi: xxx
Fri, 19 Aug 16 19:01:49 +0200	michi: xxx
Fri, 19 Aug 16 19:07:28 +0200	michi: xxx
Sun, 21 Aug 16 10:57:27 +0200	michi: xxx
Sun, 21 Aug 16 11:43:05 +0200	michi: xxx
Sun, 21 Aug 16 12:33:18 +0200	michi: xxx
Sun, 21 Aug 16 13:04:59 +0200	michi: xxx
Sun, 21 Aug 16 13:35:25 +0200	michi: xxx
Sun, 21 Aug 16 13:43:10 +0200	michi: xxx
Mon, 22 Aug 16 11:22:16 +0200	michi: xxx
Mon, 29 Aug 16 20:14:13 +0200	michi: xxx
Mon, 29 Aug 16 20:16:06 +0200	michi: xxx
Sun, 04 Sep 16 11:42:44 +0200	michi: xxx
Mon, 05 Sep 16 15:39:29 +0200	michi: xxx
Tue, 13 Sep 16 12:42:15 +0200	michi: xxx
Sun, 02 Oct 16 12:28:01 +0200	michi: xxx
Sun, 02 Oct 16 12:31:18 +0200	michi: xxx
Tue, 04 Oct 16 11:16:15 +0200	michi: xxx
Tue, 04 Oct 16 11:30:56 +0200	michi: xxx
Tue, 04 Oct 16 11:36:12 +0200	michi: xxx
Sat, 08 Oct 16 18:33:59 +0200	michi: xxx
Mon, 27 Feb 17 17:48:26 +0100	michi: xxx
Mon, 27 Feb 17 17:54:13 +0100	michi: xxx
Tue, 28 Feb 17 12:47:31 +0100	michi: xxx
Tue, 28 Feb 17 13:01:13 +0100	michi: xxx
Tue, 28 Feb 17 13:15:04 +0100	michi: xxx
Tue, 28 Feb 17 13:39:58 +0100	michi: xxx
Tue, 28 Feb 17 14:45:07 +0100	michi: xxx
Sat, 04 Mar 17 17:25:05 +0100	michi: xxx
Sat, 11 Mar 17 19:35:25 +0100	michi: xxx
Sat, 11 Mar 17 19:57:28 +0100	michi: xxx
Sat, 11 Mar 17 20:14:15 +0100	michi: xxx
Sun, 19 Mar 17 09:51:45 +0100	michi: xxx
Sun, 19 Mar 17 10:04:56 +0100	michi: xxx
Sun, 19 Mar 17 18:04:48 +0100	michi: xxx
Sun, 19 Mar 17 20:30:56 +0100	michi: xxx
Wed, 22 Mar 17 16:49:39 +0100	michi: xxx
Wed, 22 Mar 17 17:47:37 +0100	michi: xxx
Wed, 22 Mar 17 18:46:41 +0100	michi: xxx
Mon, 27 Mar 17 11:14:51 +0200	michi: xxx
Mon, 27 Mar 17 20:30:36 +0200	michi: xxx
Sun, 02 Apr 17 12:38:19 +0200	michi: xxx
Sun, 02 Apr 17 14:14:27 +0200	michi: xxx
Sun, 02 Apr 17 20:26:00 +0200	michi: xxx
Sun, 02 Apr 17 20:26:13 +0200	michi: xxx
Mon, 03 Apr 17 12:05:39 +0200	michi: xxx
Mon, 03 Apr 17 15:43:00 +0200	michi: xxxx
Tue, 11 Apr 17 09:00:08 +0200	michi: xxx
Tue, 11 Apr 17 10:25:28 +0200	michi: xxx
Fri, 14 Apr 17 12:05:58 +0200	michi: xxx
Fri, 14 Apr 17 12:38:22 +0200	michi: xxx
Sun, 16 Apr 17 09:46:23 +0200	michi: xxx
Sun, 16 Apr 17 11:42:44 +0200	michi: xxx
Mon, 17 Apr 17 10:33:24 +0200	michi: xxx
Mon, 17 Apr 17 14:44:41 +0200	michi: xxx
Wed, 19 Apr 17 15:17:41 +0200	michi: xxx
Wed, 19 Apr 17 17:47:35 +0200	michi: xxx
Wed, 19 Apr 17 20:06:16 +0200	michi: xxx
Mon, 11 Sep 17 11:38:46 +0200	michi: xxx
Wed, 17 Jan 18 19:56:26 +0100	michi: xxx
Wed, 17 Jan 18 20:10:08 +0100	admin: xxx
Sat, 27 Jan 18 19:22:15 +0100	michi: xxx
Thu, 22 Mar 18 17:31:02 +0100	michi: xxx
Tue, 17 Apr 18 15:19:08 +0200	michi: xxx
Fri, 11 May 18 13:11:38 +0200	michi: xxx
Fri, 25 May 18 07:35:46 +0200	michi: xxx
Tue, 26 Jun 18 18:39:54 +0200	michi: xxx
Mon, 03 Sep 18 14:11:56 +0200	michi: xxx
Tue, 04 Sep 18 14:37:58 +0200	michi: xxx
Wed, 05 Sep 18 13:57:15 +0200	michi: xxx
Wed, 05 Sep 18 15:33:42 +0200	michi: xxx
Wed, 05 Sep 18 20:37:02 +0200	michi: xxx
Thu, 06 Sep 18 11:05:55 +0200	michi: xxx
Thu, 06 Sep 18 11:06:11 +0200	michi: xxx
Sat, 08 Sep 18 11:57:01 +0200	michi: xxx
Wed, 12 Sep 18 14:06:43 +0200	michi: xxx
Mon, 17 Sep 18 14:04:15 +0200	michi: xxx
Tue, 18 Sep 18 16:44:39 +0200	michi: xxx
Tue, 18 Sep 18 18:26:52 +0200	michi: xxx
Tue, 18 Sep 18 19:47:10 +0200	michi: xxx
Tue, 18 Sep 18 20:17:39 +0200	michi: xxx
Tue, 18 Sep 18 20:19:30 +0200	michi: xxx
Tue, 18 Sep 18 20:19:58 +0200	michi: xxx
Tue, 18 Sep 18 20:20:42 +0200	michi: xxx
Tue, 18 Sep 18 20:22:43 +0200	michi: xxx
Tue, 18 Sep 18 20:23:45 +0200	michi: xxx
Tue, 18 Sep 18 20:24:19 +0200	michi: xxx
Tue, 18 Sep 18 20:24:40 +0200	michi: xxx
Wed, 19 Sep 18 12:31:37 +0200	michi: xxx
Wed, 19 Sep 18 13:02:52 +0200	michi: xxx
Wed, 19 Sep 18 16:57:25 +0200	michi: xxx
Wed, 19 Sep 18 18:39:24 +0200	michi: xxx
Sat, 22 Sep 18 17:16:47 +0200	michi: xxx
Sat, 06 Oct 18 18:09:01 +0200	michi: xxx
Fri, 12 Oct 18 20:51:56 +0200	michi: xxx
Tue, 23 Oct 18 11:00:38 +0200	michi: xxx
